[debug] [2022-05-19T23:07:18.306Z] ----------------------------------------------------------------------
[debug] [2022-05-19T23:07:18.308Z] Command:       C:\Program Files\nodejs\node.exe C:\Users\David\AppData\Roaming\npm\node_modules\firebase-tools\lib\bin\firebase.js hosting:disable
[debug] [2022-05-19T23:07:18.308Z] CLI Version:   11.0.0
[debug] [2022-05-19T23:07:18.309Z] Platform:      win32
[debug] [2022-05-19T23:07:18.309Z] Node Version:  v18.2.0
[debug] [2022-05-19T23:07:18.309Z] Time:          Thu May 19 2022 20:07:18 GMT-0300 (Argentina Standard Time)
[debug] [2022-05-19T23:07:18.310Z] ----------------------------------------------------------------------
[debug] 
[debug] [2022-05-19T23:07:18.317Z] > refreshing access token with scopes: []
[debug] [2022-05-19T23:07:18.317Z] >>> HTTP REQUEST POST https://www.googleapis.com/oauth2/v3/token  
 <request body omitted>
[debug] [2022-05-19T23:07:18.521Z] <<< HTTP RESPONSE 200 {"pragma":"no-cache","date":"Thu, 19 May 2022 23:07:17 GMT","expires":"Mon, 01 Jan 1990 00:00:00 GMT","cache-control":"no-cache, no-store, max-age=0, must-revalidate","content-type":"application/json; charset=utf-8","vary":"X-Origin, Referer, Origin,Accept-Encoding","server":"scaffolding on HTTPServer2","x-xss-protection":"0","x-frame-options":"SAMEORIGIN","x-content-type-options":"nosniff","alt-svc":"h3=\":443\"; ma=2592000,h3-29=\":443\"; ma=2592000,h3-Q050=\":443\"; ma=2592000,h3-Q046=\":443\"; ma=2592000,h3-Q043=\":443\"; ma=2592000,quic=\":443\"; ma=2592000; v=\"46,43\"","accept-ranges":"none","transfer-encoding":"chunked"}
[debug] [2022-05-19T23:07:18.536Z] >>> [apiv2][query] GET https://firebase.googleapis.com/v1beta1/projects/undefined [none]
[debug] [2022-05-19T23:07:18.936Z] <<< [apiv2][status] GET https://firebase.googleapis.com/v1beta1/projects/undefined 403
[debug] [2022-05-19T23:07:18.936Z] <<< [apiv2][body] GET https://firebase.googleapis.com/v1beta1/projects/undefined {"error":{"code":403,"message":"The caller does not have permission","status":"PERMISSION_DENIED"}}
[debug] [2022-05-19T23:07:18.936Z] HTTP Error: 403, The caller does not have permission
[debug] [2022-05-19T23:07:19.051Z] FirebaseError: HTTP Error: 403, The caller does not have permission
    at module.exports (C:\Users\David\AppData\Roaming\npm\node_modules\firebase-tools\lib\responseToError.js:47:12)
    at RetryOperation._fn (C:\Users\David\AppData\Roaming\npm\node_modules\firebase-tools\lib\apiv2.js:286:39)
    at process.processTicksAndRejections (node:internal/process/task_queues:95:5)
[error] 
[error] Error: Failed to get Firebase project undefined. Please make sure the project exists and your account has permission to access it.
